<?xml version="1.0" encoding="UTF-8"?>
<testng-results skipped="0" failed="0" total="11" passed="11">
  <reporter-output>
  </reporter-output>
  <suite name="Default suite" duration-ms="2651" started-at="2016-04-08T01:39:19Z" finished-at="2016-04-08T01:39:22Z">
    <groups>
    </groups>
    <test name="Default test" duration-ms="2651" started-at="2016-04-08T01:39:19Z" finished-at="2016-04-08T01:39:22Z">
      <class name="UnitTests.UserDaoTests">
        <test-method status="PASS" signature="testAddUser(POJO.User)[pri:0, instance:UnitTests.UserDaoTests@1d99928]" name="testAddUser" duration-ms="1354" started-at="2016-04-08T04:39:19Z" data-provider="user" finished-at="2016-04-08T04:39:21Z">
          <params>
            <param index="0">
              <value>
                <![CDATA[POJO.User@fb434]]>
              </value>
            </param>
          </params>
          <reporter-output>
          </reporter-output>
        </test-method> <!-- testAddUser -->
        <test-method status="PASS" signature="testAddUser(POJO.User)[pri:0, instance:UnitTests.UserDaoTests@1d99928]" name="testAddUser" duration-ms="63" started-at="2016-04-08T04:39:21Z" data-provider="user" finished-at="2016-04-08T04:39:21Z">
          <params>
            <param index="0">
              <value>
                <![CDATA[POJO.User@1993335]]>
              </value>
            </param>
          </params>
          <reporter-output>
          </reporter-output>
        </test-method> <!-- testAddUser -->
        <test-method status="PASS" signature="testAddUser(POJO.User)[pri:0, instance:UnitTests.UserDaoTests@1d99928]" name="testAddUser" duration-ms="445" started-at="2016-04-08T04:39:21Z" data-provider="user" finished-at="2016-04-08T04:39:21Z">
          <params>
            <param index="0">
              <value>
                <![CDATA[POJO.User@f93f1]]>
              </value>
            </param>
          </params>
          <reporter-output>
          </reporter-output>
        </test-method> <!-- testAddUser -->
        <test-method status="PASS" signature="testAddUser(POJO.User)[pri:0, instance:UnitTests.UserDaoTests@1d99928]" name="testAddUser" duration-ms="122" started-at="2016-04-08T04:39:21Z" data-provider="user" finished-at="2016-04-08T04:39:21Z">
          <params>
            <param index="0">
              <value>
                <![CDATA[POJO.User@183967b]]>
              </value>
            </param>
          </params>
          <reporter-output>
          </reporter-output>
        </test-method> <!-- testAddUser -->
        <test-method status="PASS" signature="testAddUser(POJO.User)[pri:0, instance:UnitTests.UserDaoTests@1d99928]" name="testAddUser" duration-ms="48" started-at="2016-04-08T04:39:21Z" data-provider="user" finished-at="2016-04-08T04:39:21Z">
          <params>
            <param index="0">
              <value>
                <![CDATA[POJO.User@19d02cb]]>
              </value>
            </param>
          </params>
          <reporter-output>
          </reporter-output>
        </test-method> <!-- testAddUser -->
        <test-method status="PASS" signature="testAddUser(POJO.User)[pri:0, instance:UnitTests.UserDaoTests@1d99928]" name="testAddUser" duration-ms="89" started-at="2016-04-08T04:39:21Z" data-provider="user" finished-at="2016-04-08T04:39:21Z">
          <params>
            <param index="0">
              <value>
                <![CDATA[POJO.User@1df90b0]]>
              </value>
            </param>
          </params>
          <reporter-output>
          </reporter-output>
        </test-method> <!-- testAddUser -->
        <test-method status="PASS" signature="testAddUser(POJO.User)[pri:0, instance:UnitTests.UserDaoTests@1d99928]" name="testAddUser" duration-ms="54" started-at="2016-04-08T04:39:21Z" data-provider="user" finished-at="2016-04-08T04:39:22Z">
          <params>
            <param index="0">
              <value>
                <![CDATA[POJO.User@1e2dbf3]]>
              </value>
            </param>
          </params>
          <reporter-output>
          </reporter-output>
        </test-method> <!-- testAddUser -->
        <test-method status="PASS" signature="testAddUser(POJO.User)[pri:0, instance:UnitTests.UserDaoTests@1d99928]" name="testAddUser" duration-ms="66" started-at="2016-04-08T04:39:22Z" data-provider="user" finished-at="2016-04-08T04:39:22Z">
          <params>
            <param index="0">
              <value>
                <![CDATA[POJO.User@5a1b69]]>
              </value>
            </param>
          </params>
          <reporter-output>
          </reporter-output>
        </test-method> <!-- testAddUser -->
        <test-method status="PASS" signature="testAddUser(POJO.User)[pri:0, instance:UnitTests.UserDaoTests@1d99928]" name="testAddUser" duration-ms="69" started-at="2016-04-08T04:39:22Z" data-provider="user" finished-at="2016-04-08T04:39:22Z">
          <params>
            <param index="0">
              <value>
                <![CDATA[POJO.User@883ce7]]>
              </value>
            </param>
          </params>
          <reporter-output>
          </reporter-output>
        </test-method> <!-- testAddUser -->
        <test-method status="PASS" signature="testAddUser(POJO.User)[pri:0, instance:UnitTests.UserDaoTests@1d99928]" name="testAddUser" duration-ms="69" started-at="2016-04-08T04:39:22Z" data-provider="user" finished-at="2016-04-08T04:39:22Z">
          <params>
            <param index="0">
              <value>
                <![CDATA[POJO.User@94e528]]>
              </value>
            </param>
          </params>
          <reporter-output>
          </reporter-output>
        </test-method> <!-- testAddUser -->
        <test-method status="PASS" signature="testAddUser(POJO.User)[pri:0, instance:UnitTests.UserDaoTests@1d99928]" name="testAddUser" duration-ms="63" started-at="2016-04-08T04:39:22Z" data-provider="user" finished-at="2016-04-08T04:39:22Z">
          <params>
            <param index="0">
              <value>
                <![CDATA[POJO.User@1554b06]]>
              </value>
            </param>
          </params>
          <reporter-output>
          </reporter-output>
        </test-method> <!-- testAddUser -->
      </class> <!-- UnitTests.UserDaoTests -->
    </test> <!-- Default test -->
  </suite> <!-- Default suite -->
</testng-results>
