<?xml version="1.0" encoding="UTF-8"?>
<testng-results skipped="0" failed="0" total="11" passed="11">
  <reporter-output>
  </reporter-output>
  <suite name="Default suite" duration-ms="753" started-at="2016-04-05T13:18:58Z" finished-at="2016-04-05T13:18:59Z">
    <groups>
    </groups>
    <test name="Default test" duration-ms="753" started-at="2016-04-05T13:18:58Z" finished-at="2016-04-05T13:18:59Z">
      <class name="UnitTests.UserDaoTests">
        <test-method status="PASS" signature="TestCountFollowing(POJO.User)[pri:0, instance:UnitTests.UserDaoTests@1d99928]" name="TestCountFollowing" duration-ms="593" started-at="2016-04-05T16:18:58Z" data-provider="user" finished-at="2016-04-05T16:18:58Z">
          <params>
            <param index="0">
              <value>
                <![CDATA[POJO.User@fb434]]>
              </value>
            </param>
          </params>
          <reporter-output>
          </reporter-output>
        </test-method> <!-- TestCountFollowing -->
        <test-method status="PASS" signature="TestCountFollowing(POJO.User)[pri:0, instance:UnitTests.UserDaoTests@1d99928]" name="TestCountFollowing" duration-ms="3" started-at="2016-04-05T16:18:58Z" data-provider="user" finished-at="2016-04-05T16:18:58Z">
          <params>
            <param index="0">
              <value>
                <![CDATA[POJO.User@49fd9b]]>
              </value>
            </param>
          </params>
          <reporter-output>
          </reporter-output>
        </test-method> <!-- TestCountFollowing -->
        <test-method status="PASS" signature="TestCountFollowing(POJO.User)[pri:0, instance:UnitTests.UserDaoTests@1d99928]" name="TestCountFollowing" duration-ms="6" started-at="2016-04-05T16:18:58Z" data-provider="user" finished-at="2016-04-05T16:18:58Z">
          <params>
            <param index="0">
              <value>
                <![CDATA[POJO.User@1c24521]]>
              </value>
            </param>
          </params>
          <reporter-output>
          </reporter-output>
        </test-method> <!-- TestCountFollowing -->
        <test-method status="PASS" signature="TestCountFollowing(POJO.User)[pri:0, instance:UnitTests.UserDaoTests@1d99928]" name="TestCountFollowing" duration-ms="3" started-at="2016-04-05T16:18:58Z" data-provider="user" finished-at="2016-04-05T16:18:58Z">
          <params>
            <param index="0">
              <value>
                <![CDATA[POJO.User@1610302]]>
              </value>
            </param>
          </params>
          <reporter-output>
          </reporter-output>
        </test-method> <!-- TestCountFollowing -->
        <test-method status="PASS" signature="TestCountFollowing(POJO.User)[pri:0, instance:UnitTests.UserDaoTests@1d99928]" name="TestCountFollowing" duration-ms="4" started-at="2016-04-05T16:18:58Z" data-provider="user" finished-at="2016-04-05T16:18:58Z">
          <params>
            <param index="0">
              <value>
                <![CDATA[POJO.User@1e3c938]]>
              </value>
            </param>
          </params>
          <reporter-output>
          </reporter-output>
        </test-method> <!-- TestCountFollowing -->
        <test-method status="PASS" signature="TestCountFollowing(POJO.User)[pri:0, instance:UnitTests.UserDaoTests@1d99928]" name="TestCountFollowing" duration-ms="3" started-at="2016-04-05T16:18:58Z" data-provider="user" finished-at="2016-04-05T16:18:58Z">
          <params>
            <param index="0">
              <value>
                <![CDATA[POJO.User@17b4f4c]]>
              </value>
            </param>
          </params>
          <reporter-output>
          </reporter-output>
        </test-method> <!-- TestCountFollowing -->
        <test-method status="PASS" signature="TestCountFollowing(POJO.User)[pri:0, instance:UnitTests.UserDaoTests@1d99928]" name="TestCountFollowing" duration-ms="2" started-at="2016-04-05T16:18:58Z" data-provider="user" finished-at="2016-04-05T16:18:58Z">
          <params>
            <param index="0">
              <value>
                <![CDATA[POJO.User@9b1010]]>
              </value>
            </param>
          </params>
          <reporter-output>
          </reporter-output>
        </test-method> <!-- TestCountFollowing -->
        <test-method status="PASS" signature="TestCountFollowing(POJO.User)[pri:0, instance:UnitTests.UserDaoTests@1d99928]" name="TestCountFollowing" duration-ms="2" started-at="2016-04-05T16:18:58Z" data-provider="user" finished-at="2016-04-05T16:18:58Z">
          <params>
            <param index="0">
              <value>
                <![CDATA[POJO.User@10143d3]]>
              </value>
            </param>
          </params>
          <reporter-output>
          </reporter-output>
        </test-method> <!-- TestCountFollowing -->
        <test-method status="PASS" signature="TestCountFollowing(POJO.User)[pri:0, instance:UnitTests.UserDaoTests@1d99928]" name="TestCountFollowing" duration-ms="1" started-at="2016-04-05T16:18:58Z" data-provider="user" finished-at="2016-04-05T16:18:58Z">
          <params>
            <param index="0">
              <value>
                <![CDATA[POJO.User@1b92f0a]]>
              </value>
            </param>
          </params>
          <reporter-output>
          </reporter-output>
        </test-method> <!-- TestCountFollowing -->
        <test-method status="PASS" signature="TestCountFollowing(POJO.User)[pri:0, instance:UnitTests.UserDaoTests@1d99928]" name="TestCountFollowing" duration-ms="2" started-at="2016-04-05T16:18:58Z" data-provider="user" finished-at="2016-04-05T16:18:58Z">
          <params>
            <param index="0">
              <value>
                <![CDATA[POJO.User@1ef968d]]>
              </value>
            </param>
          </params>
          <reporter-output>
          </reporter-output>
        </test-method> <!-- TestCountFollowing -->
        <test-method status="PASS" signature="TestCountFollowing(POJO.User)[pri:0, instance:UnitTests.UserDaoTests@1d99928]" name="TestCountFollowing" duration-ms="27" started-at="2016-04-05T16:18:58Z" data-provider="user" finished-at="2016-04-05T16:18:59Z">
          <params>
            <param index="0">
              <value>
                <![CDATA[POJO.User@136e637]]>
              </value>
            </param>
          </params>
          <reporter-output>
          </reporter-output>
        </test-method> <!-- TestCountFollowing -->
      </class> <!-- UnitTests.UserDaoTests -->
    </test> <!-- Default test -->
  </suite> <!-- Default suite -->
</testng-results>
